1720761536620	geckodriver	INFO	Listening on 127.0.0.1:1419
1720761539682	mozrunner::runner	INFO	Running command: "C:\\Program Files\\Mozilla Firefox\\firefox.exe" "--marionette" "--remote-debugging-port" "1420" "--remote-allow-hosts" "localhost" "-no-remote" "-profile" "C:\\Users\\User\\AppData\\Local\\Temp\\rust_mozprofileeSLRxQ"
1720761540216	Marionette	INFO	Marionette enabled
console.warn: SearchSettings: "get: No settings file exists, new profile?" (new NotFoundError("Could not open the file at C:\\Users\\User\\AppData\\Local\\Temp\\rust_mozprofileeSLRxQ\\search.json.mozlz4", (void 0)))
DevTools listening on ws://localhost:1420/devtools/browser/34c300ff-ad27-4d9c-8070-91b1df7db4be
WebDriver BiDi listening on ws://localhost:1420
1720761543916	Marionette	INFO	Listening on port 1434
1720761543973	RemoteAgent	WARN	TLS certificate errors will be ignored for this session
console.error: services.settings: 
DOMException
  - prototype DOMException
    - ABORT_ERR = 20
    - DATA_CLONE_ERR = 25
    - DOMSTRING_SIZE_ERR = 2
    - HIERARCHY_REQUEST_ERR = 3
    - INDEX_SIZE_ERR = 1
    - INUSE_ATTRIBUTE_ERR = 10
    - INVALID_ACCESS_ERR = 15
    - INVALID_CHARACTER_ERR = 5
    - INVALID_MODIFICATION_ERR = 13
    - INVALID_NODE_TYPE_ERR = 24
    - INVALID_STATE_ERR = 11
    - NAMESPACE_ERR = 14
    - NETWORK_ERR = 19
    - NOT_FOUND_ERR = 8
    - NOT_SUPPORTED_ERR = 9
    - NO_DATA_ALLOWED_ERR = 6
    - NO_MODIFICATION_ALLOWED_ERR = 7
    - QUOTA_EXCEEDED_ERR = 22
    - SECURITY_ERR = 18
    - SYNTAX_ERR = 12
    - TIMEOUT_ERR = 23
    - TYPE_MISMATCH_ERR = 17
    - URL_MISMATCH_ERR = 21
    - VALIDATION_ERR = 16
    - WRONG_DOCUMENT_ERR = 4
    - code = 20
    - columnNumber = 0
    - data = null
    - filename = 
    - lineNumber = 0
    - location = null
    - message = The operation was aborted. 
    - name = AbortError
    - result = 2152923156
    - stack = 
  - prototype Error
  - prototype Object
console.error: services.settings: 
  Message: NetworkOfflineError: Network is offline
  Stack:
    NetworkOfflineError@resource://services-settings/RemoteSettingsClient.jsm:130:5
maybeSync@resource://services-settings/RemoteSettingsClient.jsm:548:15
remoteSettingsFunction/remoteSettings.pollChanges@resource://services-settings/remote-settings.js:310:22

1720798338753	addons.xpi	ERROR	System addon update list error Error: Failed downloading XML, status: 0, reason: error
